[2013-05-23 03:57:29] request.ERROR: Uncaught PHP Exception Symfony\Component\HttpKernel\Exception\NotFoundHttpException: "No route found for "GET /"" at C:\xampp18\htdocs\Symfony\vendor\symfony\symfony\src\Symfony\Component\HttpKernel\EventListener\RouterListener.php line 94 [] []
[2013-05-23 04:28:33] request.ERROR: Uncaught PHP Exception Symfony\Component\HttpKernel\Exception\NotFoundHttpException: "No route found for "GET /"" at C:\xampp18\htdocs\Symfony\vendor\symfony\symfony\src\Symfony\Component\HttpKernel\EventListener\RouterListener.php line 94 [] []
[2013-05-23 04:29:06] request.ERROR: Uncaught PHP Exception Symfony\Component\HttpKernel\Exception\NotFoundHttpException: "No route found for "GET /"" at C:\xampp18\htdocs\Symfony\app\cache\prod\classes.php line 3597 [] []
[2013-05-23 04:29:53] request.ERROR: Uncaught PHP Exception Symfony\Component\HttpKernel\Exception\NotFoundHttpException: "No route found for "GET /"" at C:\xampp18\htdocs\Symfony\app\cache\prod\classes.php line 3597 [] []
[2013-05-23 04:29:55] request.ERROR: Uncaught PHP Exception Symfony\Component\HttpKernel\Exception\NotFoundHttpException: "No route found for "GET /"" at C:\xampp18\htdocs\Symfony\app\cache\prod\classes.php line 3597 [] []
[2013-05-23 04:32:56] request.ERROR: Uncaught PHP Exception Symfony\Component\HttpKernel\Exception\NotFoundHttpException: "No route found for "GET /"" at C:\xampp18\htdocs\Symfony\app\cache\prod\classes.php line 3597 [] []
[2013-05-23 04:33:33] request.ERROR: Uncaught PHP Exception Symfony\Component\HttpKernel\Exception\NotFoundHttpException: "No route found for "GET /"" at C:\xampp18\htdocs\Symfony\app\cache\prod\classes.php line 3597 [] []
[2013-05-23 05:00:32] request.ERROR: Uncaught PHP Exception Symfony\Component\HttpKernel\Exception\NotFoundHttpException: "No route found for "GET /cursoPhp/"" at C:\xampp18\htdocs\Symfony\app\cache\prod\classes.php line 3597 [] []
[2013-05-23 05:00:38] request.ERROR: Uncaught PHP Exception Symfony\Component\HttpKernel\Exception\NotFoundHttpException: "No route found for "GET /CursoPhpUnne/inicio.php"" at C:\xampp18\htdocs\Symfony\app\cache\prod\classes.php line 3597 [] []
[2013-05-23 05:00:46] request.ERROR: Uncaught PHP Exception Symfony\Component\HttpKernel\Exception\NotFoundHttpException: "No route found for "GET /CursoPhpUnne/inicio.php"" at C:\xampp18\htdocs\Symfony\app\cache\prod\classes.php line 3597 [] []
[2013-05-23 05:02:42] request.ERROR: Uncaught PHP Exception Symfony\Component\HttpKernel\Exception\NotFoundHttpException: "No route found for "GET /CursoPhpUnne/inicio.php"" at C:\xampp18\htdocs\Symfony\app\cache\prod\classes.php line 3597 [] []
[2013-05-23 05:02:55] request.ERROR: Uncaught PHP Exception Symfony\Component\HttpKernel\Exception\NotFoundHttpException: "No route found for "GET /CursoPhpUnne/inicio.php"" at C:\xampp18\htdocs\Symfony\app\cache\prod\classes.php line 3597 [] []
[2013-05-23 05:03:40] request.ERROR: Uncaught PHP Exception Symfony\Component\HttpKernel\Exception\NotFoundHttpException: "No route found for "GET /CursoPhpUnne/inicio.php"" at C:\xampp18\htdocs\Symfony\app\cache\prod\classes.php line 3597 [] []
[2013-05-23 05:03:55] request.ERROR: Uncaught PHP Exception Symfony\Component\HttpKernel\Exception\NotFoundHttpException: "No route found for "GET /CursoPhpUnne/inicio.php"" at C:\xampp18\htdocs\Symfony\app\cache\prod\classes.php line 3597 [] []
[2013-05-23 05:04:09] request.ERROR: Uncaught PHP Exception Symfony\Component\HttpKernel\Exception\NotFoundHttpException: "No route found for "GET /CursoPhpUnne/inicio.php"" at C:\xampp18\htdocs\Symfony\app\cache\prod\classes.php line 3597 [] []
[2013-05-23 05:04:13] request.ERROR: Uncaught PHP Exception Symfony\Component\HttpKernel\Exception\NotFoundHttpException: "No route found for "GET /CursoPhpUnne/inicio.php"" at C:\xampp18\htdocs\Symfony\app\cache\prod\classes.php line 3597 [] []
[2013-05-23 05:04:16] request.ERROR: Uncaught PHP Exception Symfony\Component\HttpKernel\Exception\NotFoundHttpException: "No route found for "GET /CursoPhpUnne/inicio.php"" at C:\xampp18\htdocs\Symfony\app\cache\prod\classes.php line 3597 [] []
[2013-05-23 05:04:18] request.ERROR: Uncaught PHP Exception Symfony\Component\HttpKernel\Exception\NotFoundHttpException: "No route found for "GET /CursoPhpUnne/inicio.php"" at C:\xampp18\htdocs\Symfony\app\cache\prod\classes.php line 3597 [] []
[2013-05-23 05:04:36] request.ERROR: Uncaught PHP Exception Symfony\Component\HttpKernel\Exception\NotFoundHttpException: "No route found for "GET /"" at C:\xampp18\htdocs\Symfony\app\cache\prod\classes.php line 3597 [] []
[2013-05-23 05:05:20] request.ERROR: Uncaught PHP Exception Symfony\Component\HttpKernel\Exception\NotFoundHttpException: "No route found for "GET /"" at C:\xampp18\htdocs\Symfony\app\cache\prod\classes.php line 3597 [] []
[2013-05-23 05:06:30] request.ERROR: Uncaught PHP Exception Symfony\Component\HttpKernel\Exception\NotFoundHttpException: "No route found for "GET /CursoPhpUnne/inicio.php"" at C:\xampp18\htdocs\Symfony\app\cache\prod\classes.php line 3597 [] []
[2013-05-23 05:06:35] request.ERROR: Uncaught PHP Exception Symfony\Component\HttpKernel\Exception\NotFoundHttpException: "No route found for "GET /CursoPhpUnne/inicio.php"" at C:\xampp18\htdocs\Symfony\app\cache\prod\classes.php line 3597 [] []
[2013-05-23 05:06:54] request.ERROR: Uncaught PHP Exception Symfony\Component\HttpKernel\Exception\NotFoundHttpException: "No route found for "GET /wampp/CursoPhpUnne/inicio.php"" at C:\xampp18\htdocs\Symfony\app\cache\prod\classes.php line 3597 [] []
[2013-05-23 05:07:26] request.ERROR: Uncaught PHP Exception Symfony\Component\HttpKernel\Exception\NotFoundHttpException: "No route found for "GET /wampp18/htCursoPhpUnne/inicio.php"" at C:\xampp18\htdocs\Symfony\app\cache\prod\classes.php line 3597 [] []
[2013-05-23 05:07:34] request.ERROR: Uncaught PHP Exception Symfony\Component\HttpKernel\Exception\NotFoundHttpException: "No route found for "GET /wampp18/htdoct/CursoPhpUnne/inicio.php"" at C:\xampp18\htdocs\Symfony\app\cache\prod\classes.php line 3597 [] []
[2013-05-23 05:07:42] request.ERROR: Uncaught PHP Exception Symfony\Component\HttpKernel\Exception\NotFoundHttpException: "No route found for "GET /wampp"" at C:\xampp18\htdocs\Symfony\app\cache\prod\classes.php line 3597 [] []
[2013-05-23 05:07:50] request.ERROR: Uncaught PHP Exception Symfony\Component\HttpKernel\Exception\NotFoundHttpException: "No route found for "GET /"" at C:\xampp18\htdocs\Symfony\app\cache\prod\classes.php line 3597 [] []
[2013-05-23 05:08:29] request.ERROR: Uncaught PHP Exception Symfony\Component\HttpKernel\Exception\NotFoundHttpException: "No route found for "GET /index.php"" at C:\xampp18\htdocs\Symfony\app\cache\prod\classes.php line 3597 [] []
[2013-05-24 03:03:39] request.ERROR: Uncaught PHP Exception Symfony\Component\HttpKernel\Exception\NotFoundHttpException: "No route found for "GET /"" at C:\xampp18\htdocs\Symfony\app\cache\prod\classes.php line 3597 [] []
[2013-05-30 23:42:42] request.ERROR: Uncaught PHP Exception Symfony\Component\HttpKernel\Exception\NotFoundHttpException: "No route found for "GET /demo/hello/manchas"" at C:\xampp18\htdocs\Symfony\app\cache\prod\classes.php line 3597 [] []
[2013-05-30 23:43:00] request.ERROR: Uncaught PHP Exception Symfony\Component\HttpKernel\Exception\NotFoundHttpException: "No route found for "GET /demo/hello/"" at C:\xampp18\htdocs\Symfony\app\cache\prod\classes.php line 3597 [] []
[2013-05-30 23:43:07] request.ERROR: Uncaught PHP Exception Symfony\Component\HttpKernel\Exception\NotFoundHttpException: "No route found for "GET /"" at C:\xampp18\htdocs\Symfony\app\cache\prod\classes.php line 3597 [] []
[2013-05-30 23:43:22] request.ERROR: Uncaught PHP Exception Symfony\Component\HttpKernel\Exception\NotFoundHttpException: "No route found for "GET /symfony/web/app_dev.php"" at C:\xampp18\htdocs\Symfony\app\cache\prod\classes.php line 3597 [] []
[2013-05-30 23:43:27] request.ERROR: Uncaught PHP Exception Symfony\Component\HttpKernel\Exception\NotFoundHttpException: "No route found for "GET /symfony/web/app_dev.php"" at C:\xampp18\htdocs\Symfony\app\cache\prod\classes.php line 3597 [] []
